<?xml version="1.0" encoding="UTF-8"?>
<!-- Generated by org.testng.reporters.JUnitReportReporter -->
<testsuite hostname="LAPTOP-55U1L3LS" failures="0" tests="1" name="com.FB.qa.testcases.SignUpTest" time="12.933" errors="0" timestamp="13 Feb 2023 06:10:36 GMT" skipped="0">
  <testcase classname="com.FB.qa.testcases.SignUpTest" name="SignUptest" time="12.933"/>
</testsuite> <!-- com.FB.qa.testcases.SignUpTest -->
