<?xml version="1.0" encoding="UTF-8"?>
<!-- Generated by org.testng.reporters.JUnitReportReporter -->
<testsuite hostname="LAPTOP-55U1L3LS" failures="0" tests="1" name="com.FB.qa.testcases.SignUpTest" time="24.103" errors="0" timestamp="2023-02-20T12:51:51 IST" skipped="0">
  <testcase classname="com.FB.qa.testcases.SignUpTest" name="SignUptest" time="24.103"/>
  <system-out/>
</testsuite> <!-- com.FB.qa.testcases.SignUpTest -->
