<?xml version="1.0" encoding="UTF-8"?>
<!-- Generated by org.testng.reporters.JUnitReportReporter -->
<testsuite hostname="LAPTOP-55U1L3LS" failures="0" tests="2" name="com.FB.qa.testcases.LoginTest" time="17.577" errors="0" timestamp="2023-02-15T14:02:30 IST" skipped="0">
  <testcase classname="com.FB.qa.testcases.LoginTest" name="MultiUserLogin" time="10.567"/>
  <system-out/>
  <testcase classname="com.FB.qa.testcases.LoginTest" name="MultiUserLogin" time="7.010"/>
  <system-out/>
</testsuite> <!-- com.FB.qa.testcases.LoginTest -->
