<?xml version="1.0" encoding="UTF-8"?>
<!-- Generated by org.testng.reporters.JUnitReportReporter -->
<testsuite hostname="LAPTOP-55U1L3LS" failures="0" tests="1" name="Spotify.Automation.TestNG" time="0.009" errors="0" timestamp="2023-01-06T16:06:32 IST" skipped="0">
  <testcase classname="Spotify.Automation.TestNG" name="user" time="0.009"/>
  <system-out/>
</testsuite> <!-- Spotify.Automation.TestNG -->
