<?xml version="1.0" encoding="UTF-8"?>
<!-- Generated by org.testng.reporters.JUnitReportReporter -->
<testsuite hostname="LAPTOP-55U1L3LS" failures="0" tests="1" name="com.FB.qa.testcases.Test_Fb_Add_Story" time="19.797" errors="0" timestamp="2023-02-20T12:51:51 IST" skipped="0">
  <testcase classname="com.FB.qa.testcases.Test_Fb_Add_Story" name="FB_Addtest" time="19.797"/>
  <system-out/>
</testsuite> <!-- com.FB.qa.testcases.Test_Fb_Add_Story -->
