<?xml version="1.0" encoding="UTF-8"?>
<!-- Generated by org.testng.reporters.JUnitReportReporter -->
<testsuite hostname="LAPTOP-55U1L3LS" failures="0" tests="1" name="Spotify.Automation.Spotify" time="3.492" errors="0" timestamp="2023-01-07T16:21:37 IST" skipped="0">
  <testcase classname="Spotify.Automation.Spotify" name="SearchforItem" time="3.492"/>
  <system-out/>
</testsuite> <!-- Spotify.Automation.Spotify -->
