<?xml version="1.0" encoding="UTF-8"?>
<!-- Generated by org.testng.reporters.JUnitReportReporter -->
<testsuite hostname="LAPTOP-55U1L3LS" failures="0" tests="4" name="com.FB.qa.testcases.LoginTest" time="33.763" errors="0" timestamp="2023-02-20T12:51:51 IST" skipped="0">
  <testcase classname="com.FB.qa.testcases.LoginTest" name="URL" time="7.894"/>
  <system-out/>
  <testcase classname="com.FB.qa.testcases.LoginTest" name="Logintest" time="7.264"/>
  <system-out/>
  <testcase classname="com.FB.qa.testcases.LoginTest" name="MultiUserLogin" time="10.989"/>
  <system-out/>
  <testcase classname="com.FB.qa.testcases.LoginTest" name="MultiUserLogin" time="7.616"/>
  <system-out/>
</testsuite> <!-- com.FB.qa.testcases.LoginTest -->
