<?xml version="1.0" encoding="UTF-8"?>
<!-- Generated by org.testng.reporters.JUnitReportReporter -->
<testsuite hostname="LAPTOP-55U1L3LS" failures="0" tests="2" name="com.FB.qa.testcases.LoginTest" time="14.432" errors="0" timestamp="13 Feb 2023 07:06:24 GMT" skipped="0">
  <testcase classname="com.FB.qa.testcases.LoginTest" name="URL" time="7.746"/>
  <testcase classname="com.FB.qa.testcases.LoginTest" name="Logintest" time="6.686"/>
</testsuite> <!-- com.FB.qa.testcases.LoginTest -->
